
(geany:2660): Gtk-WARNING **: Unable to locate theme engine in module_path: "pixmap",

(geany:2660): Gtk-WARNING **: Unable to locate theme engine in module_path: "pixmap",

(geany:2660): Gtk-WARNING **: Unable to locate theme engine in module_path: "pixmap",

(geany:2660): Gtk-WARNING **: Unable to locate theme engine in module_path: "pixmap",

(geany:2660): Gtk-WARNING **: Unable to locate theme engine in module_path: "pixmap",

(geany:2674): Gtk-WARNING **: Unable to locate theme engine in module_path: "pixmap",

(geany:2674): Gtk-WARNING **: Unable to locate theme engine in module_path: "pixmap",

(geany:2674): Gtk-WARNING **: Unable to locate theme engine in module_path: "pixmap",

(geany:2674): Gtk-WARNING **: Unable to locate theme engine in module_path: "pixmap",

(geany:2674): Gtk-WARNING **: Unable to locate theme engine in module_path: "pixmap",

(geany:2674): Gtk-WARNING **: Attempting to store changes into `/root/.local/share/recently-used.xbel', but failed: Failed to create file '/root/.local/share/recently-used.xbel.GDPEVX': No such file or directory

(geany:2674): Gtk-WARNING **: Attempting to set the permissions of `/root/.local/share/recently-used.xbel', but failed: No such file or directory

(geany:2674): Gtk-WARNING **: Attempting to store changes into `/root/.local/share/recently-used.xbel', but failed: Failed to create file '/root/.local/share/recently-used.xbel.JY5VVX': No such file or directory

(geany:2674): Gtk-WARNING **: Attempting to set the permissions of `/root/.local/share/recently-used.xbel', but failed: No such file or directory

(geany:2674): Gtk-WARNING **: Attempting to store changes into `/root/.local/share/recently-used.xbel', but failed: Failed to create file '/root/.local/share/recently-used.xbel.6NYGVX': No such file or directory

(geany:2674): Gtk-WARNING **: Attempting to set the permissions of `/root/.local/share/recently-used.xbel', but failed: No such file or directory

(geany:2674): Gtk-WARNING **: Attempting to store changes into `/root/.local/share/recently-used.xbel', but failed: Failed to create file '/root/.local/share/recently-used.xbel.79RPVX': No such file or directory

(geany:2674): Gtk-WARNING **: Attempting to set the permissions of `/root/.local/share/recently-used.xbel', but failed: No such file or directory

(geany:2674): Gtk-WARNING **: Attempting to store changes into `/root/.local/share/recently-used.xbel', but failed: Failed to create file '/root/.local/share/recently-used.xbel.BNIVVX': No such file or directory

(geany:2674): Gtk-WARNING **: Attempting to set the permissions of `/root/.local/share/recently-used.xbel', but failed: No such file or directory

(geany:2674): Gtk-WARNING **: Attempting to store changes into `/root/.local/share/recently-used.xbel', but failed: Failed to create file '/root/.local/share/recently-used.xbel.Z4NDVX': No such file or directory

(geany:2674): Gtk-WARNING **: Attempting to set the permissions of `/root/.local/share/recently-used.xbel', but failed: No such file or directory

(geany:2674): Gtk-WARNING **: Attempting to store changes into `/root/.local/share/recently-used.xbel', but failed: Failed to create file '/root/.local/share/recently-used.xbel.NPTVVX': No such file or directory

(geany:2674): Gtk-WARNING **: Attempting to set the permissions of `/root/.local/share/recently-used.xbel', but failed: No such file or directory

(geany:2674): Gtk-WARNING **: Attempting to store changes into `/root/.local/share/recently-used.xbel', but failed: Failed to create file '/root/.local/share/recently-used.xbel.SDXIVX': No such file or directory

(geany:2674): Gtk-WARNING **: Attempting to set the permissions of `/root/.local/share/recently-used.xbel', but failed: No such file or directory

(geany:2674): Gtk-WARNING **: Attempting to store changes into `/root/.local/share/recently-used.xbel', but failed: Failed to create file '/root/.local/share/recently-used.xbel.DDNHVX': No such file or directory

(geany:2674): Gtk-WARNING **: Attempting to set the permissions of `/root/.local/share/recently-used.xbel', but failed: No such file or directory

(geany:2674): Gtk-WARNING **: Attempting to store changes into `/root/.local/share/recently-used.xbel', but failed: Failed to create file '/root/.local/share/recently-used.xbel.WZEEVX': No such file or directory

(geany:2674): Gtk-WARNING **: Attempting to set the permissions of `/root/.local/share/recently-used.xbel', but failed: No such file or directory

(geany:2674): Gtk-WARNING **: Attempting to store changes into `/root/.local/share/recently-used.xbel', but failed: Failed to create file '/root/.local/share/recently-used.xbel.YHJGVX': No such file or directory

(geany:2674): Gtk-WARNING **: Attempting to set the permissions of `/root/.local/share/recently-used.xbel', but failed: No such file or directory

(geany:2674): Gtk-WARNING **: Attempting to store changes into `/root/.local/share/recently-used.xbel', but failed: Failed to create file '/root/.local/share/recently-used.xbel.DZKDVX': No such file or directory

(geany:2674): Gtk-WARNING **: Attempting to set the permissions of `/root/.local/share/recently-used.xbel', but failed: No such file or directory

(geany:2674): Gtk-WARNING **: Attempting to store changes into `/root/.local/share/recently-used.xbel', but failed: Failed to create file '/root/.local/share/recently-used.xbel.WO1MVX': No such file or directory

(geany:2674): Gtk-WARNING **: Attempting to set the permissions of `/root/.local/share/recently-used.xbel', but failed: No such file or directory

(geany:2674): Gtk-WARNING **: Attempting to store changes into `/root/.local/share/recently-used.xbel', but failed: Failed to create file '/root/.local/share/recently-used.xbel.ZGERVX': No such file or directory

(geany:2674): Gtk-WARNING **: Attempting to set the permissions of `/root/.local/share/recently-used.xbel', but failed: No such file or directory

(geany:2674): Gtk-WARNING **: Attempting to store changes into `/root/.local/share/recently-used.xbel', but failed: Failed to create file '/root/.local/share/recently-used.xbel.9E3VVX': No such file or directory

(geany:2674): Gtk-WARNING **: Attempting to set the permissions of `/root/.local/share/recently-used.xbel', but failed: No such file or directory

(geany:2674): Gtk-WARNING **: Attempting to store changes into `/root/.local/share/recently-used.xbel', but failed: Failed to create file '/root/.local/share/recently-used.xbel.QV5PVX': No such file or directory

(geany:2674): Gtk-WARNING **: Attempting to set the permissions of `/root/.local/share/recently-used.xbel', but failed: No such file or directory

(geany:2674): Gtk-WARNING **: Attempting to store changes into `/root/.local/share/recently-used.xbel', but failed: Failed to create file '/root/.local/share/recently-used.xbel.QW5QVX': No such file or directory

(geany:2674): Gtk-WARNING **: Attempting to set the permissions of `/root/.local/share/recently-used.xbel', but failed: No such file or directory

(geany:2674): Gtk-WARNING **: Attempting to store changes into `/root/.local/share/recently-used.xbel', but failed: Failed to create file '/root/.local/share/recently-used.xbel.30JDVX': No such file or directory

(geany:2674): Gtk-WARNING **: Attempting to set the permissions of `/root/.local/share/recently-used.xbel', but failed: No such file or directory

(geany:2674): Gtk-WARNING **: Attempting to store changes into `/root/.local/share/recently-used.xbel', but failed: Failed to create file '/root/.local/share/recently-used.xbel.E3PFVX': No such file or directory

(geany:2674): Gtk-WARNING **: Attempting to set the permissions of `/root/.local/share/recently-used.xbel', but failed: No such file or directory

(geany:2674): Gtk-WARNING **: Attempting to store changes into `/root/.local/share/recently-used.xbel', but failed: Failed to create file '/root/.local/share/recently-used.xbel.GG5FVX': No such file or directory

(geany:2674): Gtk-WARNING **: Attempting to set the permissions of `/root/.local/share/recently-used.xbel', but failed: No such file or directory

(geany:2674): Gtk-WARNING **: Attempting to store changes into `/root/.local/share/recently-used.xbel', but failed: Failed to create file '/root/.local/share/recently-used.xbel.BPLNVX': No such file or directory

(geany:2674): Gtk-WARNING **: Attempting to set the permissions of `/root/.local/share/recently-used.xbel', but failed: No such file or directory

(geany:2674): Gtk-WARNING **: Attempting to store changes into `/root/.local/share/recently-used.xbel', but failed: Failed to create file '/root/.local/share/recently-used.xbel.UTBOVX': No such file or directory

(geany:2674): Gtk-WARNING **: Attempting to set the permissions of `/root/.local/share/recently-used.xbel', but failed: No such file or directory

(geany:2674): Gtk-WARNING **: Attempting to store changes into `/root/.local/share/recently-used.xbel', but failed: Failed to create file '/root/.local/share/recently-used.xbel.025PVX': No such file or directory

(geany:2674): Gtk-WARNING **: Attempting to set the permissions of `/root/.local/share/recently-used.xbel', but failed: No such file or directory

(geany:2674): Gtk-WARNING **: Attempting to store changes into `/root/.local/share/recently-used.xbel', but failed: Failed to create file '/root/.local/share/recently-used.xbel.KB9LVX': No such file or directory

(geany:2674): Gtk-WARNING **: Attempting to set the permissions of `/root/.local/share/recently-used.xbel', but failed: No such file or directory

(geany:2674): Gtk-WARNING **: Attempting to store changes into `/root/.local/share/recently-used.xbel', but failed: Failed to create file '/root/.local/share/recently-used.xbel.SGGLVX': No such file or directory

(geany:2674): Gtk-WARNING **: Attempting to set the permissions of `/root/.local/share/recently-used.xbel', but failed: No such file or directory

(geany:2674): Gtk-WARNING **: Attempting to store changes into `/root/.local/share/recently-used.xbel', but failed: Failed to create file '/root/.local/share/recently-used.xbel.LDYEVX': No such file or directory

(geany:2674): Gtk-WARNING **: Attempting to set the permissions of `/root/.local/share/recently-used.xbel', but failed: No such file or directory

(geany:2674): Gtk-WARNING **: Attempting to store changes into `/root/.local/share/recently-used.xbel', but failed: Failed to create file '/root/.local/share/recently-used.xbel.3LQEVX': No such file or directory

(geany:2674): Gtk-WARNING **: Attempting to set the permissions of `/root/.local/share/recently-used.xbel', but failed: No such file or directory

(geany:2674): Gtk-WARNING **: Attempting to store changes into `/root/.local/share/recently-used.xbel', but failed: Failed to create file '/root/.local/share/recently-used.xbel.D4PIVX': No such file or directory

(geany:2674): Gtk-WARNING **: Attempting to set the permissions of `/root/.local/share/recently-used.xbel', but failed: No such file or directory

(geany:2674): Gtk-WARNING **: Attempting to store changes into `/root/.local/share/recently-used.xbel', but failed: Failed to create file '/root/.local/share/recently-used.xbel.Y5NCVX': No such file or directory

(geany:2674): Gtk-WARNING **: Attempting to set the permissions of `/root/.local/share/recently-used.xbel', but failed: No such file or directory

(geany:2674): Gtk-WARNING **: Attempting to store changes into `/root/.local/share/recently-used.xbel', but failed: Failed to create file '/root/.local/share/recently-used.xbel.5IHPVX': No such file or directory

(geany:2674): Gtk-WARNING **: Attempting to set the permissions of `/root/.local/share/recently-used.xbel', but failed: No such file or directory

(geany:2674): Gtk-WARNING **: Attempting to store changes into `/root/.local/share/recently-used.xbel', but failed: Failed to create file '/root/.local/share/recently-used.xbel.KKNMVX': No such file or directory

(geany:2674): Gtk-WARNING **: Attempting to set the permissions of `/root/.local/share/recently-used.xbel', but failed: No such file or directory

(geany:2674): Gtk-WARNING **: Attempting to store changes into `/root/.local/share/recently-used.xbel', but failed: Failed to create file '/root/.local/share/recently-used.xbel.89CDVX': No such file or directory

(geany:2674): Gtk-WARNING **: Attempting to set the permissions of `/root/.local/share/recently-used.xbel', but failed: No such file or directory

(geany:2674): Gtk-WARNING **: Attempting to store changes into `/root/.local/share/recently-used.xbel', but failed: Failed to create file '/root/.local/share/recently-used.xbel.3UWCVX': No such file or directory

(geany:2674): Gtk-WARNING **: Attempting to set the permissions of `/root/.local/share/recently-used.xbel', but failed: No such file or directory

(geany:2674): Gtk-WARNING **: Attempting to store changes into `/root/.local/share/recently-used.xbel', but failed: Failed to create file '/root/.local/share/recently-used.xbel.GW4FVX': No such file or directory

(geany:2674): Gtk-WARNING **: Attempting to set the permissions of `/root/.local/share/recently-used.xbel', but failed: No such file or directory

(geany:2674): Gtk-WARNING **: Attempting to store changes into `/root/.local/share/recently-used.xbel', but failed: Failed to create file '/root/.local/share/recently-used.xbel.AT2PVX': No such file or directory

(geany:2674): Gtk-WARNING **: Attempting to set the permissions of `/root/.local/share/recently-used.xbel', but failed: No such file or directory

(geany:2674): Gtk-WARNING **: Attempting to store changes into `/root/.local/share/recently-used.xbel', but failed: Failed to create file '/root/.local/share/recently-used.xbel.A1ERVX': No such file or directory

(geany:2674): Gtk-WARNING **: Attempting to set the permissions of `/root/.local/share/recently-used.xbel', but failed: No such file or directory

(geany:2674): Gtk-WARNING **: Attempting to store changes into `/root/.local/share/recently-used.xbel', but failed: Failed to create file '/root/.local/share/recently-used.xbel.MEISVX': No such file or directory

(geany:2674): Gtk-WARNING **: Attempting to set the permissions of `/root/.local/share/recently-used.xbel', but failed: No such file or directory

(geany:2674): Gtk-WARNING **: Attempting to store changes into `/root/.local/share/recently-used.xbel', but failed: Failed to create file '/root/.local/share/recently-used.xbel.UDSPVX': No such file or directory

(geany:2674): Gtk-WARNING **: Attempting to set the permissions of `/root/.local/share/recently-used.xbel', but failed: No such file or directory

(geany:2674): Gtk-WARNING **: Attempting to store changes into `/root/.local/share/recently-used.xbel', but failed: Failed to create file '/root/.local/share/recently-used.xbel.1UZCVX': No such file or directory

(geany:2674): Gtk-WARNING **: Attempting to set the permissions of `/root/.local/share/recently-used.xbel', but failed: No such file or directory

(geany:2674): Gtk-WARNING **: Attempting to store changes into `/root/.local/share/recently-used.xbel', but failed: Failed to create file '/root/.local/share/recently-used.xbel.2ZDNVX': No such file or directory

(geany:2674): Gtk-WARNING **: Attempting to set the permissions of `/root/.local/share/recently-used.xbel', but failed: No such file or directory

(geany:2674): Gtk-WARNING **: Attempting to store changes into `/root/.local/share/recently-used.xbel', but failed: Failed to create file '/root/.local/share/recently-used.xbel.VLKNVX': No such file or directory

(geany:2674): Gtk-WARNING **: Attempting to set the permissions of `/root/.local/share/recently-used.xbel', but failed: No such file or directory

(geany:2674): Gtk-WARNING **: Attempting to store changes into `/root/.local/share/recently-used.xbel', but failed: Failed to create file '/root/.local/share/recently-used.xbel.1GTPVX': No such file or directory

(geany:2674): Gtk-WARNING **: Attempting to set the permissions of `/root/.local/share/recently-used.xbel', but failed: No such file or directory

(geany:2674): Gtk-WARNING **: Attempting to store changes into `/root/.local/share/recently-used.xbel', but failed: Failed to create file '/root/.local/share/recently-used.xbel.ZH0XVX': No such file or directory

(geany:2674): Gtk-WARNING **: Attempting to set the permissions of `/root/.local/share/recently-used.xbel', but failed: No such file or directory

(geany:2674): Gtk-WARNING **: Attempting to store changes into `/root/.local/share/recently-used.xbel', but failed: Failed to create file '/root/.local/share/recently-used.xbel.ZIKOVX': No such file or directory

(geany:2674): Gtk-WARNING **: Attempting to set the permissions of `/root/.local/share/recently-used.xbel', but failed: No such file or directory

(geany:2674): Gtk-WARNING **: Attempting to store changes into `/root/.local/share/recently-used.xbel', but failed: Failed to create file '/root/.local/share/recently-used.xbel.FT2RVX': No such file or directory

(geany:2674): Gtk-WARNING **: Attempting to set the permissions of `/root/.local/share/recently-used.xbel', but failed: No such file or directory

(geany:2674): Gtk-WARNING **: Attempting to store changes into `/root/.local/share/recently-used.xbel', but failed: Failed to create file '/root/.local/share/recently-used.xbel.JIRDVX': No such file or directory

(geany:2674): Gtk-WARNING **: Attempting to set the permissions of `/root/.local/share/recently-used.xbel', but failed: No such file or directory

(geany:2674): Gtk-WARNING **: Attempting to store changes into `/root/.local/share/recently-used.xbel', but failed: Failed to create file '/root/.local/share/recently-used.xbel.KADDVX': No such file or directory

(geany:2674): Gtk-WARNING **: Attempting to set the permissions of `/root/.local/share/recently-used.xbel', but failed: No such file or directory

(geany:2674): Gtk-WARNING **: Attempting to store changes into `/root/.local/share/recently-used.xbel', but failed: Failed to create file '/root/.local/share/recently-used.xbel.8GDOVX': No such file or directory

(geany:2674): Gtk-WARNING **: Attempting to set the permissions of `/root/.local/share/recently-used.xbel', but failed: No such file or directory

(geany:2674): Gtk-WARNING **: Attempting to store changes into `/root/.local/share/recently-used.xbel', but failed: Failed to create file '/root/.local/share/recently-used.xbel.ZEFQVX': No such file or directory

(geany:2674): Gtk-WARNING **: Attempting to set the permissions of `/root/.local/share/recently-used.xbel', but failed: No such file or directory

(geany:2674): Gtk-WARNING **: Attempting to store changes into `/root/.local/share/recently-used.xbel', but failed: Failed to create file '/root/.local/share/recently-used.xbel.QY5KVX': No such file or directory

(geany:2674): Gtk-WARNING **: Attempting to set the permissions of `/root/.local/share/recently-used.xbel', but failed: No such file or directory
